0 info it worked if it ends with ok
1 verbose cli [ 'node', '/usr/local/bin/npm', 'install', 'canvas' ]
2 info using npm@2.11.3
3 info using node@v0.12.7
4 verbose install initial load of /Users/mitchellbarton/workspace/reverb_node/pseudorandom/package.json
5 verbose installManyTop reading scoped package data from /Users/mitchellbarton/workspace/reverb_node/pseudorandom/node_modules/body-parser/package.json
6 verbose installManyTop reading scoped package data from /Users/mitchellbarton/workspace/reverb_node/pseudorandom/node_modules/cookie-parser/package.json
7 verbose installManyTop reading scoped package data from /Users/mitchellbarton/workspace/reverb_node/pseudorandom/node_modules/debug/package.json
8 verbose installManyTop reading scoped package data from /Users/mitchellbarton/workspace/reverb_node/pseudorandom/node_modules/express/package.json
9 verbose installManyTop reading scoped package data from /Users/mitchellbarton/workspace/reverb_node/pseudorandom/node_modules/gm/package.json
10 verbose installManyTop reading scoped package data from /Users/mitchellbarton/workspace/reverb_node/pseudorandom/node_modules/imagemagick/package.json
11 verbose installManyTop reading scoped package data from /Users/mitchellbarton/workspace/reverb_node/pseudorandom/node_modules/jade/package.json
12 verbose installManyTop reading scoped package data from /Users/mitchellbarton/workspace/reverb_node/pseudorandom/node_modules/morgan/package.json
13 verbose installManyTop reading scoped package data from /Users/mitchellbarton/workspace/reverb_node/pseudorandom/node_modules/serve-favicon/package.json
14 info package.json imagemagick@0.1.3 No license field.
15 verbose readDependencies loading dependencies from /Users/mitchellbarton/workspace/reverb_node/pseudorandom/package.json
16 silly cache add args [ 'canvas', null ]
17 verbose cache add spec canvas
18 silly cache add parsed spec { raw: 'canvas',
18 silly cache add   scope: null,
18 silly cache add   name: 'canvas',
18 silly cache add   rawSpec: '',
18 silly cache add   spec: '*',
18 silly cache add   type: 'range' }
19 silly addNamed canvas@*
20 verbose addNamed "*" is a valid semver range for canvas
21 silly addNameRange { name: 'canvas', range: '*', hasData: false }
22 silly mapToRegistry name canvas
23 silly mapToRegistry using default registry
24 silly mapToRegistry registry https://registry.npmjs.org/
25 silly mapToRegistry uri https://registry.npmjs.org/canvas
26 verbose addNameRange registry:https://registry.npmjs.org/canvas not in flight; fetching
27 verbose request uri https://registry.npmjs.org/canvas
28 verbose request no auth needed
29 info attempt registry request try #1 at 11:09:23 PM
30 verbose request id fc2929eb823477db
31 verbose etag "DWQPJ923FYHKYIDU1PAEE0UJA"
32 http request GET https://registry.npmjs.org/canvas
33 http 304 https://registry.npmjs.org/canvas
34 silly get cb [ 304,
34 silly get   { date: 'Thu, 10 Sep 2015 05:09:24 GMT',
34 silly get     via: '1.1 varnish',
34 silly get     'cache-control': 'max-age=60',
34 silly get     etag: '"DWQPJ923FYHKYIDU1PAEE0UJA"',
34 silly get     age: '0',
34 silly get     connection: 'keep-alive',
34 silly get     'x-served-by': 'cache-ord1721-ORD',
34 silly get     'x-cache': 'HIT',
34 silly get     'x-cache-hits': '1',
34 silly get     'x-timer': 'S1441861764.367831,VS0,VE67',
34 silly get     vary: 'Accept' } ]
35 verbose etag https://registry.npmjs.org/canvas from cache
36 verbose get saving canvas to /Users/mitchellbarton/.npm/registry.npmjs.org/canvas/.cache.json
37 silly addNameRange number 2 { name: 'canvas', range: '*', hasData: true }
38 silly addNameRange versions [ 'canvas',
38 silly addNameRange   [ '0.0.1',
38 silly addNameRange     '0.0.2',
38 silly addNameRange     '0.0.3',
38 silly addNameRange     '0.0.4',
38 silly addNameRange     '0.0.5',
38 silly addNameRange     '0.0.6',
38 silly addNameRange     '0.0.7',
38 silly addNameRange     '0.0.8',
38 silly addNameRange     '0.1.0',
38 silly addNameRange     '0.2.0',
38 silly addNameRange     '0.2.1',
38 silly addNameRange     '0.3.0',
38 silly addNameRange     '0.3.1',
38 silly addNameRange     '0.3.2',
38 silly addNameRange     '0.3.3',
38 silly addNameRange     '0.4.0',
38 silly addNameRange     '0.4.1',
38 silly addNameRange     '0.4.2',
38 silly addNameRange     '0.4.3',
38 silly addNameRange     '0.5.0',
38 silly addNameRange     '0.5.1',
38 silly addNameRange     '0.5.2',
38 silly addNameRange     '0.5.3',
38 silly addNameRange     '0.5.4',
38 silly addNameRange     '0.6.0',
38 silly addNameRange     '0.7.0',
38 silly addNameRange     '0.7.1',
38 silly addNameRange     '0.7.2',
38 silly addNameRange     '0.7.3',
38 silly addNameRange     '0.8.0',
38 silly addNameRange     '0.8.1',
38 silly addNameRange     '0.8.2',
38 silly addNameRange     '0.8.3',
38 silly addNameRange     '0.9.0',
38 silly addNameRange     '0.10.0',
38 silly addNameRange     '0.10.1',
38 silly addNameRange     '0.10.2',
38 silly addNameRange     '0.10.3',
38 silly addNameRange     '0.11.0',
38 silly addNameRange     '0.11.1',
38 silly addNameRange     '0.11.2',
38 silly addNameRange     '0.11.3',
38 silly addNameRange     '0.12.0',
38 silly addNameRange     '0.12.1',
38 silly addNameRange     '0.13.0',
38 silly addNameRange     '0.13.1',
38 silly addNameRange     '1.0.0',
38 silly addNameRange     '1.0.1',
38 silly addNameRange     '1.0.2',
38 silly addNameRange     '1.0.3',
38 silly addNameRange     '1.0.4',
38 silly addNameRange     '1.1.0',
38 silly addNameRange     '1.1.1',
38 silly addNameRange     '1.1.2',
38 silly addNameRange     '1.1.3',
38 silly addNameRange     '1.1.4',
38 silly addNameRange     '1.1.5',
38 silly addNameRange     '1.1.6',
38 silly addNameRange     '1.2.0',
38 silly addNameRange     '1.2.1',
38 silly addNameRange     '1.2.2',
38 silly addNameRange     '1.2.3',
38 silly addNameRange     '1.2.4',
38 silly addNameRange     '1.2.5',
38 silly addNameRange     '1.2.6',
38 silly addNameRange     '1.2.7',
38 silly addNameRange     '1.2.8' ] ]
39 silly addNamed canvas@1.2.8
40 verbose addNamed "1.2.8" is a plain semver version for canvas
41 silly cache afterAdd canvas@1.2.8
42 verbose afterAdd /Users/mitchellbarton/.npm/canvas/1.2.8/package/package.json not in flight; writing
43 verbose afterAdd /Users/mitchellbarton/.npm/canvas/1.2.8/package/package.json written
44 silly install resolved [ { name: 'canvas',
44 silly install resolved     description: 'Canvas graphics API backed by Cairo',
44 silly install resolved     version: '1.2.8',
44 silly install resolved     author: { name: 'TJ Holowaychuk', email: 'tj@learnboost.com' },
44 silly install resolved     contributors: [ [Object], [Object], [Object] ],
44 silly install resolved     keywords:
44 silly install resolved      [ 'canvas',
44 silly install resolved        'graphic',
44 silly install resolved        'graphics',
44 silly install resolved        'pixman',
44 silly install resolved        'cairo',
44 silly install resolved        'image',
44 silly install resolved        'images',
44 silly install resolved        'pdf' ],
44 silly install resolved     homepage: 'https://github.com/Automattic/node-canvas',
44 silly install resolved     repository:
44 silly install resolved      { type: 'git',
44 silly install resolved        url: 'git://github.com/Automattic/node-canvas.git' },
44 silly install resolved     scripts: { test: 'make test', install: 'node-gyp rebuild' },
44 silly install resolved     dependencies: { nan: '^1.8.4' },
44 silly install resolved     devDependencies:
44 silly install resolved      { 'body-parser': '^1.13.3',
44 silly install resolved        express: '^4.13.2',
44 silly install resolved        jade: '^1.11.0',
44 silly install resolved        mocha: '*' },
44 silly install resolved     engines: { node: '>=0.8.0 <3' },
44 silly install resolved     main: './lib/canvas.js',
44 silly install resolved     license: 'MIT',
44 silly install resolved     gypfile: true,
44 silly install resolved     gitHead: 'bb4e192b51a12003d7ecc3292bb2894f58fe3616',
44 silly install resolved     bugs: { url: 'https://github.com/Automattic/node-canvas/issues' },
44 silly install resolved     _id: 'canvas@1.2.8',
44 silly install resolved     _shasum: '2477fc2199caed749d1a7db0f68cb01c0a1fc0ea',
44 silly install resolved     _from: 'canvas@*',
44 silly install resolved     _npmVersion: '2.12.1',
44 silly install resolved     _nodeVersion: '0.12.7',
44 silly install resolved     _npmUser: { name: 'linusu', email: 'linus@folkdatorn.se' },
44 silly install resolved     maintainers: [ [Object], [Object], [Object], [Object], [Object], [Object] ],
44 silly install resolved     dist:
44 silly install resolved      { shasum: '2477fc2199caed749d1a7db0f68cb01c0a1fc0ea',
44 silly install resolved        tarball: 'http://registry.npmjs.org/canvas/-/canvas-1.2.8.tgz' },
44 silly install resolved     directories: {},
44 silly install resolved     _resolved: 'https://registry.npmjs.org/canvas/-/canvas-1.2.8.tgz',
44 silly install resolved     readme: 'ERROR: No README data found!' } ]
45 info install canvas@1.2.8 into /Users/mitchellbarton/workspace/reverb_node/pseudorandom
46 info installOne canvas@1.2.8
47 verbose installOne of canvas to /Users/mitchellbarton/workspace/reverb_node/pseudorandom not in flight; installing
48 verbose lock using /Users/mitchellbarton/.npm/_locks/canvas-9f64ffa57b7786a3.lock for /Users/mitchellbarton/workspace/reverb_node/pseudorandom/node_modules/canvas
49 silly install write writing canvas 1.2.8 to /Users/mitchellbarton/workspace/reverb_node/pseudorandom/node_modules/canvas
50 verbose unbuild node_modules/canvas
51 silly gentlyRm /Users/mitchellbarton/workspace/reverb_node/pseudorandom/node_modules/canvas is being purged from base /Users/mitchellbarton/workspace/reverb_node/pseudorandom
52 verbose gentlyRm don't care about contents; nuking /Users/mitchellbarton/workspace/reverb_node/pseudorandom/node_modules/canvas
53 verbose tar unpack /Users/mitchellbarton/.npm/canvas/1.2.8/package.tgz
54 verbose tar unpacking to /Users/mitchellbarton/workspace/reverb_node/pseudorandom/node_modules/canvas
55 silly gentlyRm /Users/mitchellbarton/workspace/reverb_node/pseudorandom/node_modules/canvas is being purged
56 verbose gentlyRm don't care about contents; nuking /Users/mitchellbarton/workspace/reverb_node/pseudorandom/node_modules/canvas
57 silly gunzTarPerm modes [ '755', '644' ]
58 silly gunzTarPerm extractEntry package.json
59 silly gunzTarPerm extractEntry .npmignore
60 silly gunzTarPerm extractEntry index.js
61 silly gunzTarPerm extractEntry History.md
62 silly gunzTarPerm extractEntry Makefile
63 silly gunzTarPerm extractEntry Readme.md
64 silly gunzTarPerm extractEntry binding.gyp
65 silly gunzTarPerm extractEntry .gitmodules
66 silly gunzTarPerm extractEntry install
67 silly gunzTarPerm extractEntry lib/bindings.js
68 silly gunzTarPerm extractEntry lib/canvas.js
69 silly gunzTarPerm extractEntry lib/context2d.js
70 silly gunzTarPerm extractEntry lib/image.js
71 silly gunzTarPerm extractEntry lib/jpegstream.js
72 silly gunzTarPerm extractEntry lib/pngstream.js
73 silly gunzTarPerm extractEntry .travis.yml
74 silly gunzTarPerm extractEntry src/Image.cc
75 silly gunzTarPerm extractEntry src/Canvas.cc
76 silly gunzTarPerm extractEntry src/CanvasGradient.cc
77 silly gunzTarPerm extractEntry src/CanvasGradient.h
78 silly gunzTarPerm extractEntry src/CanvasPattern.cc
79 silly gunzTarPerm extractEntry src/CanvasPattern.h
80 silly gunzTarPerm extractEntry src/CanvasRenderingContext2d.cc
81 silly gunzTarPerm extractEntry src/CanvasRenderingContext2d.h
82 silly gunzTarPerm extractEntry src/FontFace.cc
83 silly gunzTarPerm extractEntry src/FontFace.h
84 silly gunzTarPerm extractEntry src/Canvas.h
85 silly gunzTarPerm extractEntry src/Image.h
86 silly gunzTarPerm extractEntry src/ImageData.cc
87 silly gunzTarPerm extractEntry src/ImageData.h
88 silly gunzTarPerm extractEntry src/JPEGStream.h
89 silly gunzTarPerm extractEntry src/PNG.h
90 silly gunzTarPerm extractEntry src/Point.h
91 silly gunzTarPerm extractEntry src/closure.h
92 silly gunzTarPerm extractEntry src/color.cc
93 silly gunzTarPerm extractEntry src/color.h
94 silly gunzTarPerm extractEntry src/init.cc
95 silly gunzTarPerm extractEntry util/cairo_include.sh
96 silly gunzTarPerm extractEntry util/has_cairo_freetype.sh
97 silly gunzTarPerm extractEntry util/has_lib.sh
98 silly gunzTarPerm extractEntry util/lib_lookup.sh
99 verbose write writing to /Users/mitchellbarton/workspace/reverb_node/pseudorandom/node_modules/canvas/package.json
100 info preinstall canvas@1.2.8
101 verbose readDependencies loading dependencies from /Users/mitchellbarton/workspace/reverb_node/pseudorandom/node_modules/canvas/package.json
102 silly prepareForInstallMany adding nan@^1.8.4 from canvas dependencies
103 verbose readDependencies loading dependencies from /Users/mitchellbarton/workspace/reverb_node/pseudorandom/node_modules/canvas/package.json
104 silly cache add args [ 'nan@^1.8.4', null ]
105 verbose cache add spec nan@^1.8.4
106 silly cache add parsed spec { raw: 'nan@^1.8.4',
106 silly cache add   scope: null,
106 silly cache add   name: 'nan',
106 silly cache add   rawSpec: '^1.8.4',
106 silly cache add   spec: '>=1.8.4 <2.0.0',
106 silly cache add   type: 'range' }
107 silly addNamed nan@>=1.8.4 <2.0.0
108 verbose addNamed ">=1.8.4 <2.0.0" is a valid semver range for nan
109 silly addNameRange { name: 'nan', range: '>=1.8.4 <2.0.0', hasData: false }
110 silly mapToRegistry name nan
111 silly mapToRegistry using default registry
112 silly mapToRegistry registry https://registry.npmjs.org/
113 silly mapToRegistry uri https://registry.npmjs.org/nan
114 verbose addNameRange registry:https://registry.npmjs.org/nan not in flight; fetching
115 verbose request uri https://registry.npmjs.org/nan
116 verbose request no auth needed
117 info attempt registry request try #1 at 11:09:24 PM
118 verbose etag "BPJTP4NL9ULJIQBBRYQU0Q49"
119 http request GET https://registry.npmjs.org/nan
120 http 304 https://registry.npmjs.org/nan
121 silly get cb [ 304,
121 silly get   { date: 'Thu, 10 Sep 2015 05:09:24 GMT',
121 silly get     via: '1.1 varnish',
121 silly get     'cache-control': 'max-age=60',
121 silly get     etag: '"BPJTP4NL9ULJIQBBRYQU0Q49"',
121 silly get     age: '1',
121 silly get     connection: 'keep-alive',
121 silly get     'x-served-by': 'cache-ord1735-ORD',
121 silly get     'x-cache': 'HIT',
121 silly get     'x-cache-hits': '1',
121 silly get     'x-timer': 'S1441861764.769019,VS0,VE0',
121 silly get     vary: 'Accept' } ]
122 verbose etag https://registry.npmjs.org/nan from cache
123 verbose get saving nan to /Users/mitchellbarton/.npm/registry.npmjs.org/nan/.cache.json
124 silly addNameRange number 2 { name: 'nan', range: '>=1.8.4 <2.0.0', hasData: true }
125 silly addNameRange versions [ 'nan',
125 silly addNameRange   [ '0.3.0-wip',
125 silly addNameRange     '0.3.0-wip2',
125 silly addNameRange     '0.3.0',
125 silly addNameRange     '0.3.1',
125 silly addNameRange     '0.3.2',
125 silly addNameRange     '0.4.0',
125 silly addNameRange     '0.4.1',
125 silly addNameRange     '0.4.2',
125 silly addNameRange     '0.4.3',
125 silly addNameRange     '0.4.4',
125 silly addNameRange     '0.5.0',
125 silly addNameRange     '0.5.1',
125 silly addNameRange     '0.5.2',
125 silly addNameRange     '0.6.0',
125 silly addNameRange     '0.7.0',
125 silly addNameRange     '0.7.1',
125 silly addNameRange     '0.8.0',
125 silly addNameRange     '1.0.0',
125 silly addNameRange     '1.1.0',
125 silly addNameRange     '1.1.1',
125 silly addNameRange     '1.1.2',
125 silly addNameRange     '1.2.0',
125 silly addNameRange     '1.3.0',
125 silly addNameRange     '1.4.0',
125 silly addNameRange     '1.4.1',
125 silly addNameRange     '1.5.0',
125 silly addNameRange     '1.4.2',
125 silly addNameRange     '1.4.3',
125 silly addNameRange     '1.5.1',
125 silly addNameRange     '1.5.2',
125 silly addNameRange     '1.6.0',
125 silly addNameRange     '1.5.3',
125 silly addNameRange     '1.6.1',
125 silly addNameRange     '1.6.2',
125 silly addNameRange     '1.7.0',
125 silly addNameRange     '1.8.0',
125 silly addNameRange     '1.8.1',
125 silly addNameRange     '1.8.2',
125 silly addNameRange     '1.8.3',
125 silly addNameRange     '1.8.4',
125 silly addNameRange     '1.9.0',
125 silly addNameRange     '2.0.0',
125 silly addNameRange     '2.0.1',
125 silly addNameRange     '2.0.2',
125 silly addNameRange     '2.0.3',
125 silly addNameRange     '2.0.4',
125 silly addNameRange     '2.0.5',
125 silly addNameRange     '2.0.6',
125 silly addNameRange     '2.0.7',
125 silly addNameRange     '2.0.8',
125 silly addNameRange     '2.0.9' ] ]
126 silly addNamed nan@1.9.0
127 verbose addNamed "1.9.0" is a plain semver version for nan
128 silly cache afterAdd nan@1.9.0
129 verbose afterAdd /Users/mitchellbarton/.npm/nan/1.9.0/package/package.json not in flight; writing
130 verbose afterAdd /Users/mitchellbarton/.npm/nan/1.9.0/package/package.json written
131 silly install resolved [ { name: 'nan',
131 silly install resolved     version: '1.9.0',
131 silly install resolved     description: 'Native Abstractions for Node.js: C++ header for Node 0.8->0.12 compatibility',
131 silly install resolved     main: 'include_dirs.js',
131 silly install resolved     repository: { type: 'git', url: 'git://github.com/nodejs/nan.git' },
131 silly install resolved     scripts:
131 silly install resolved      { test: 'tap --gc test/js/*-test.js',
131 silly install resolved        'rebuild-tests': 'pangyp rebuild --msvs_version=2013 --directory test' },
131 silly install resolved     contributors:
131 silly install resolved      [ [Object],
131 silly install resolved        [Object],
131 silly install resolved        [Object],
131 silly install resolved        [Object],
131 silly install resolved        [Object],
131 silly install resolved        [Object],
131 silly install resolved        [Object] ],
131 silly install resolved     devDependencies:
131 silly install resolved      { bindings: '~1.2.1',
131 silly install resolved        'node-gyp': '~2.0.2',
131 silly install resolved        pangyp: '~2.2.0',
131 silly install resolved        tap: '~0.7.1',
131 silly install resolved        xtend: '~4.0.0' },
131 silly install resolved     license: 'MIT',
131 silly install resolved     gitHead: '399b3a54ada39a7cf7a11978ea727eae3686666e',
131 silly install resolved     bugs: { url: 'https://github.com/nodejs/nan/issues' },
131 silly install resolved     homepage: 'https://github.com/nodejs/nan#readme',
131 silly install resolved     _id: 'nan@1.9.0',
131 silly install resolved     _shasum: '1a9cd2755609766f5c291e4194fce39fde286515',
131 silly install resolved     _from: 'nan@>=1.8.4 <2.0.0',
131 silly install resolved     _npmVersion: '2.13.3',
131 silly install resolved     _nodeVersion: '0.12.2',
131 silly install resolved     _npmUser: { name: 'kkoopa', email: 'bbyholm@abo.fi' },
131 silly install resolved     maintainers: [ [Object], [Object] ],
131 silly install resolved     dist:
131 silly install resolved      { shasum: '1a9cd2755609766f5c291e4194fce39fde286515',
131 silly install resolved        tarball: 'http://registry.npmjs.org/nan/-/nan-1.9.0.tgz' },
131 silly install resolved     directories: {},
131 silly install resolved     _resolved: 'https://registry.npmjs.org/nan/-/nan-1.9.0.tgz',
131 silly install resolved     readme: 'ERROR: No README data found!' } ]
132 info install nan@1.9.0 into /Users/mitchellbarton/workspace/reverb_node/pseudorandom/node_modules/canvas
133 info installOne nan@1.9.0
134 verbose installOne of nan to /Users/mitchellbarton/workspace/reverb_node/pseudorandom/node_modules/canvas not in flight; installing
135 verbose lock using /Users/mitchellbarton/.npm/_locks/nan-06d39d2cb1dfffa8.lock for /Users/mitchellbarton/workspace/reverb_node/pseudorandom/node_modules/canvas/node_modules/nan
136 silly install write writing nan 1.9.0 to /Users/mitchellbarton/workspace/reverb_node/pseudorandom/node_modules/canvas/node_modules/nan
137 verbose unbuild node_modules/canvas/node_modules/nan
138 silly gentlyRm /Users/mitchellbarton/workspace/reverb_node/pseudorandom/node_modules/canvas/node_modules/nan is being purged from base /Users/mitchellbarton/workspace/reverb_node/pseudorandom
139 verbose gentlyRm don't care about contents; nuking /Users/mitchellbarton/workspace/reverb_node/pseudorandom/node_modules/canvas/node_modules/nan
140 verbose tar unpack /Users/mitchellbarton/.npm/nan/1.9.0/package.tgz
141 verbose tar unpacking to /Users/mitchellbarton/workspace/reverb_node/pseudorandom/node_modules/canvas/node_modules/nan
142 silly gentlyRm /Users/mitchellbarton/workspace/reverb_node/pseudorandom/node_modules/canvas/node_modules/nan is being purged
143 verbose gentlyRm don't care about contents; nuking /Users/mitchellbarton/workspace/reverb_node/pseudorandom/node_modules/canvas/node_modules/nan
144 silly gunzTarPerm modes [ '755', '644' ]
145 silly gunzTarPerm extractEntry package.json
146 silly gunzTarPerm modified mode [ 'package.json', 436, 420 ]
147 silly gunzTarPerm extractEntry README.md
148 silly gunzTarPerm modified mode [ 'README.md', 436, 420 ]
149 silly gunzTarPerm extractEntry include_dirs.js
150 silly gunzTarPerm modified mode [ 'include_dirs.js', 436, 420 ]
151 silly gunzTarPerm extractEntry LICENSE.md
152 silly gunzTarPerm modified mode [ 'LICENSE.md', 436, 420 ]
153 silly gunzTarPerm extractEntry .dntrc
154 silly gunzTarPerm modified mode [ '.dntrc', 436, 420 ]
155 silly gunzTarPerm extractEntry appveyor.yml
156 silly gunzTarPerm modified mode [ 'appveyor.yml', 436, 420 ]
157 silly gunzTarPerm extractEntry nan.h
158 silly gunzTarPerm modified mode [ 'nan.h', 436, 420 ]
159 silly gunzTarPerm extractEntry nan_implementation_12_inl.h
160 silly gunzTarPerm modified mode [ 'nan_implementation_12_inl.h', 436, 420 ]
161 silly gunzTarPerm extractEntry nan_implementation_pre_12_inl.h
162 silly gunzTarPerm modified mode [ 'nan_implementation_pre_12_inl.h', 436, 420 ]
163 silly gunzTarPerm extractEntry nan_new.h
164 silly gunzTarPerm modified mode [ 'nan_new.h', 436, 420 ]
165 silly gunzTarPerm extractEntry nan_string_bytes.h
166 silly gunzTarPerm modified mode [ 'nan_string_bytes.h', 436, 420 ]
167 silly gunzTarPerm extractEntry CHANGELOG.md
168 silly gunzTarPerm modified mode [ 'CHANGELOG.md', 436, 420 ]
169 silly gunzTarPerm extractEntry tools/node_modules/commander/package.json
170 silly gunzTarPerm modified mode [ 'tools/node_modules/commander/package.json', 436, 420 ]
171 silly gunzTarPerm extractEntry tools/node_modules/commander/LICENSE
172 silly gunzTarPerm modified mode [ 'tools/node_modules/commander/LICENSE', 436, 420 ]
173 silly gunzTarPerm extractEntry tools/node_modules/commander/index.js
174 silly gunzTarPerm modified mode [ 'tools/node_modules/commander/index.js', 436, 420 ]
175 silly gunzTarPerm extractEntry tools/node_modules/commander/History.md
176 silly gunzTarPerm modified mode [ 'tools/node_modules/commander/History.md', 436, 420 ]
177 silly gunzTarPerm extractEntry tools/node_modules/commander/Readme.md
178 silly gunzTarPerm modified mode [ 'tools/node_modules/commander/Readme.md', 436, 420 ]
179 silly gunzTarPerm extractEntry tools/node_modules/commander/node_modules/graceful-readlink/package.json
180 silly gunzTarPerm modified mode [ 'tools/node_modules/commander/node_modules/graceful-readlink/package.json',
180 silly gunzTarPerm   436,
180 silly gunzTarPerm   420 ]
181 silly gunzTarPerm extractEntry tools/node_modules/commander/node_modules/graceful-readlink/.npmignore
182 silly gunzTarPerm modified mode [ 'tools/node_modules/commander/node_modules/graceful-readlink/.npmignore',
182 silly gunzTarPerm   436,
182 silly gunzTarPerm   420 ]
183 silly gunzTarPerm extractEntry tools/node_modules/commander/node_modules/graceful-readlink/README.md
184 silly gunzTarPerm modified mode [ 'tools/node_modules/commander/node_modules/graceful-readlink/README.md',
184 silly gunzTarPerm   436,
184 silly gunzTarPerm   420 ]
185 silly gunzTarPerm extractEntry tools/node_modules/commander/node_modules/graceful-readlink/LICENSE
186 silly gunzTarPerm modified mode [ 'tools/node_modules/commander/node_modules/graceful-readlink/LICENSE',
186 silly gunzTarPerm   436,
186 silly gunzTarPerm   420 ]
187 silly gunzTarPerm extractEntry tools/node_modules/commander/node_modules/graceful-readlink/index.js
188 silly gunzTarPerm modified mode [ 'tools/node_modules/commander/node_modules/graceful-readlink/index.js',
188 silly gunzTarPerm   436,
188 silly gunzTarPerm   420 ]
189 silly gunzTarPerm extractEntry tools/node_modules/commander/node_modules/graceful-readlink/.travis.yml
190 silly gunzTarPerm modified mode [ 'tools/node_modules/commander/node_modules/graceful-readlink/.travis.yml',
190 silly gunzTarPerm   436,
190 silly gunzTarPerm   420 ]
191 silly gunzTarPerm extractEntry tools/node_modules/glob/package.json
192 silly gunzTarPerm modified mode [ 'tools/node_modules/glob/package.json', 436, 420 ]
193 silly gunzTarPerm extractEntry tools/node_modules/glob/README.md
194 silly gunzTarPerm modified mode [ 'tools/node_modules/glob/README.md', 436, 420 ]
195 silly gunzTarPerm extractEntry tools/node_modules/glob/LICENSE
196 silly gunzTarPerm modified mode [ 'tools/node_modules/glob/LICENSE', 436, 420 ]
197 silly gunzTarPerm extractEntry tools/node_modules/glob/common.js
198 silly gunzTarPerm modified mode [ 'tools/node_modules/glob/common.js', 436, 420 ]
199 silly gunzTarPerm extractEntry tools/node_modules/glob/glob.js
200 silly gunzTarPerm modified mode [ 'tools/node_modules/glob/glob.js', 436, 420 ]
201 silly gunzTarPerm extractEntry tools/node_modules/glob/sync.js
202 silly gunzTarPerm modified mode [ 'tools/node_modules/glob/sync.js', 436, 420 ]
203 silly gunzTarPerm extractEntry tools/node_modules/glob/node_modules/inflight/package.json
204 silly gunzTarPerm modified mode [ 'tools/node_modules/glob/node_modules/inflight/package.json',
204 silly gunzTarPerm   436,
204 silly gunzTarPerm   420 ]
205 silly gunzTarPerm extractEntry tools/node_modules/glob/node_modules/inflight/README.md
206 silly gunzTarPerm modified mode [ 'tools/node_modules/glob/node_modules/inflight/README.md',
206 silly gunzTarPerm   436,
206 silly gunzTarPerm   420 ]
207 silly gunzTarPerm extractEntry tools/node_modules/glob/node_modules/inflight/LICENSE
208 silly gunzTarPerm modified mode [ 'tools/node_modules/glob/node_modules/inflight/LICENSE',
208 silly gunzTarPerm   436,
208 silly gunzTarPerm   420 ]
209 silly gunzTarPerm extractEntry tools/node_modules/glob/node_modules/inflight/inflight.js
210 silly gunzTarPerm modified mode [ 'tools/node_modules/glob/node_modules/inflight/inflight.js',
210 silly gunzTarPerm   436,
210 silly gunzTarPerm   420 ]
211 silly gunzTarPerm extractEntry tools/node_modules/glob/node_modules/inflight/test.js
212 silly gunzTarPerm modified mode [ 'tools/node_modules/glob/node_modules/inflight/test.js',
212 silly gunzTarPerm   436,
212 silly gunzTarPerm   420 ]
213 silly gunzTarPerm extractEntry tools/node_modules/glob/node_modules/inflight/.eslintrc
214 silly gunzTarPerm modified mode [ 'tools/node_modules/glob/node_modules/inflight/.eslintrc',
214 silly gunzTarPerm   436,
214 silly gunzTarPerm   420 ]
215 silly gunzTarPerm extractEntry tools/node_modules/glob/node_modules/inflight/node_modules/wrappy/package.json
216 silly gunzTarPerm modified mode [ 'tools/node_modules/glob/node_modules/inflight/node_modules/wrappy/package.json',
216 silly gunzTarPerm   436,
216 silly gunzTarPerm   420 ]
217 silly gunzTarPerm extractEntry tools/node_modules/glob/node_modules/inflight/node_modules/wrappy/README.md
218 silly gunzTarPerm modified mode [ 'tools/node_modules/glob/node_modules/inflight/node_modules/wrappy/README.md',
218 silly gunzTarPerm   436,
218 silly gunzTarPerm   420 ]
219 silly gunzTarPerm extractEntry tools/node_modules/glob/node_modules/inflight/node_modules/wrappy/LICENSE
220 silly gunzTarPerm modified mode [ 'tools/node_modules/glob/node_modules/inflight/node_modules/wrappy/LICENSE',
220 silly gunzTarPerm   436,
220 silly gunzTarPerm   420 ]
221 silly gunzTarPerm extractEntry tools/node_modules/glob/node_modules/inflight/node_modules/wrappy/wrappy.js
222 silly gunzTarPerm modified mode [ 'tools/node_modules/glob/node_modules/inflight/node_modules/wrappy/wrappy.js',
222 silly gunzTarPerm   436,
222 silly gunzTarPerm   420 ]
223 silly gunzTarPerm extractEntry tools/node_modules/glob/node_modules/inflight/node_modules/wrappy/test/basic.js
224 silly gunzTarPerm modified mode [ 'tools/node_modules/glob/node_modules/inflight/node_modules/wrappy/test/basic.js',
224 silly gunzTarPerm   436,
224 silly gunzTarPerm   420 ]
225 silly gunzTarPerm extractEntry tools/node_modules/glob/node_modules/inherits/package.json
226 silly gunzTarPerm modified mode [ 'tools/node_modules/glob/node_modules/inherits/package.json',
226 silly gunzTarPerm   436,
226 silly gunzTarPerm   420 ]
227 silly gunzTarPerm extractEntry tools/node_modules/glob/node_modules/inherits/README.md
228 silly gunzTarPerm modified mode [ 'tools/node_modules/glob/node_modules/inherits/README.md',
228 silly gunzTarPerm   436,
228 silly gunzTarPerm   420 ]
229 silly gunzTarPerm extractEntry tools/node_modules/glob/node_modules/inherits/LICENSE
230 silly gunzTarPerm modified mode [ 'tools/node_modules/glob/node_modules/inherits/LICENSE',
230 silly gunzTarPerm   436,
230 silly gunzTarPerm   420 ]
231 silly gunzTarPerm extractEntry tools/node_modules/glob/node_modules/inherits/inherits.js
232 silly gunzTarPerm modified mode [ 'tools/node_modules/glob/node_modules/inherits/inherits.js',
232 silly gunzTarPerm   436,
232 silly gunzTarPerm   420 ]
233 silly gunzTarPerm extractEntry tools/node_modules/glob/node_modules/inherits/inherits_browser.js
234 silly gunzTarPerm modified mode [ 'tools/node_modules/glob/node_modules/inherits/inherits_browser.js',
234 silly gunzTarPerm   436,
234 silly gunzTarPerm   420 ]
235 silly gunzTarPerm extractEntry tools/node_modules/glob/node_modules/inherits/test.js
236 silly gunzTarPerm modified mode [ 'tools/node_modules/glob/node_modules/inherits/test.js',
236 silly gunzTarPerm   436,
236 silly gunzTarPerm   420 ]
237 silly gunzTarPerm extractEntry tools/node_modules/glob/node_modules/minimatch/package.json
238 silly gunzTarPerm modified mode [ 'tools/node_modules/glob/node_modules/minimatch/package.json',
238 silly gunzTarPerm   436,
238 silly gunzTarPerm   420 ]
239 silly gunzTarPerm extractEntry tools/node_modules/glob/node_modules/minimatch/README.md
240 silly gunzTarPerm modified mode [ 'tools/node_modules/glob/node_modules/minimatch/README.md',
240 silly gunzTarPerm   436,
240 silly gunzTarPerm   420 ]
241 silly gunzTarPerm extractEntry tools/node_modules/glob/node_modules/minimatch/LICENSE
242 silly gunzTarPerm modified mode [ 'tools/node_modules/glob/node_modules/minimatch/LICENSE',
242 silly gunzTarPerm   436,
242 silly gunzTarPerm   420 ]
243 silly gunzTarPerm extractEntry tools/node_modules/glob/node_modules/minimatch/browser.js
244 silly gunzTarPerm modified mode [ 'tools/node_modules/glob/node_modules/minimatch/browser.js',
244 silly gunzTarPerm   436,
244 silly gunzTarPerm   420 ]
245 silly gunzTarPerm extractEntry tools/node_modules/glob/node_modules/minimatch/minimatch.js
246 silly gunzTarPerm modified mode [ 'tools/node_modules/glob/node_modules/minimatch/minimatch.js',
246 silly gunzTarPerm   436,
246 silly gunzTarPerm   420 ]
247 silly gunzTarPerm extractEntry tools/node_modules/glob/node_modules/minimatch/node_modules/brace-expansion/package.json
248 silly gunzTarPerm modified mode [ 'tools/node_modules/glob/node_modules/minimatch/node_modules/brace-expansion/package.json',
248 silly gunzTarPerm   436,
248 silly gunzTarPerm   420 ]
249 silly gunzTarPerm extractEntry tools/node_modules/glob/node_modules/minimatch/node_modules/brace-expansion/.npmignore
250 silly gunzTarPerm modified mode [ 'tools/node_modules/glob/node_modules/minimatch/node_modules/brace-expansion/.npmignore',
250 silly gunzTarPerm   436,
250 silly gunzTarPerm   420 ]
251 silly gunzTarPerm extractEntry tools/node_modules/glob/node_modules/minimatch/node_modules/brace-expansion/README.md
252 silly gunzTarPerm modified mode [ 'tools/node_modules/glob/node_modules/minimatch/node_modules/brace-expansion/README.md',
252 silly gunzTarPerm   436,
252 silly gunzTarPerm   420 ]
253 silly gunzTarPerm extractEntry tools/node_modules/glob/node_modules/minimatch/node_modules/brace-expansion/example.js
254 silly gunzTarPerm modified mode [ 'tools/node_modules/glob/node_modules/minimatch/node_modules/brace-expansion/example.js',
254 silly gunzTarPerm   436,
254 silly gunzTarPerm   420 ]
255 silly gunzTarPerm extractEntry tools/node_modules/glob/node_modules/minimatch/node_modules/brace-expansion/index.js
256 silly gunzTarPerm modified mode [ 'tools/node_modules/glob/node_modules/minimatch/node_modules/brace-expansion/index.js',
256 silly gunzTarPerm   436,
256 silly gunzTarPerm   420 ]
257 silly gunzTarPerm extractEntry tools/node_modules/glob/node_modules/minimatch/node_modules/brace-expansion/.travis.yml
258 silly gunzTarPerm modified mode [ 'tools/node_modules/glob/node_modules/minimatch/node_modules/brace-expansion/.travis.yml',
258 silly gunzTarPerm   436,
258 silly gunzTarPerm   420 ]
259 silly gunzTarPerm extractEntry tools/node_modules/glob/node_modules/minimatch/node_modules/brace-expansion/test/bash-comparison.js
260 silly gunzTarPerm modified mode [ 'tools/node_modules/glob/node_modules/minimatch/node_modules/brace-expansion/test/bash-comparison.js',
260 silly gunzTarPerm   436,
260 silly gunzTarPerm   420 ]
261 silly gunzTarPerm extractEntry tools/node_modules/glob/node_modules/minimatch/node_modules/brace-expansion/test/same-type.js
262 silly gunzTarPerm modified mode [ 'tools/node_modules/glob/node_modules/minimatch/node_modules/brace-expansion/test/same-type.js',
262 silly gunzTarPerm   436,
262 silly gunzTarPerm   420 ]
263 silly gunzTarPerm extractEntry tools/node_modules/glob/node_modules/minimatch/node_modules/brace-expansion/test/dollar.js
264 silly gunzTarPerm modified mode [ 'tools/node_modules/glob/node_modules/minimatch/node_modules/brace-expansion/test/dollar.js',
264 silly gunzTarPerm   436,
264 silly gunzTarPerm   420 ]
265 silly gunzTarPerm extractEntry tools/node_modules/glob/node_modules/minimatch/node_modules/brace-expansion/test/empty-option.js
266 silly gunzTarPerm modified mode [ 'tools/node_modules/glob/node_modules/minimatch/node_modules/brace-expansion/test/empty-option.js',
266 silly gunzTarPerm   436,
266 silly gunzTarPerm   420 ]
267 silly gunzTarPerm extractEntry tools/node_modules/glob/node_modules/minimatch/node_modules/brace-expansion/test/pad.js
268 silly gunzTarPerm modified mode [ 'tools/node_modules/glob/node_modules/minimatch/node_modules/brace-expansion/test/pad.js',
268 silly gunzTarPerm   436,
268 silly gunzTarPerm   420 ]
269 silly gunzTarPerm extractEntry tools/node_modules/glob/node_modules/minimatch/node_modules/brace-expansion/test/order.js
270 silly gunzTarPerm modified mode [ 'tools/node_modules/glob/node_modules/minimatch/node_modules/brace-expansion/test/order.js',
270 silly gunzTarPerm   436,
270 silly gunzTarPerm   420 ]
271 silly gunzTarPerm extractEntry tools/node_modules/glob/node_modules/minimatch/node_modules/brace-expansion/test/nested.js
272 silly gunzTarPerm modified mode [ 'tools/node_modules/glob/node_modules/minimatch/node_modules/brace-expansion/test/nested.js',
272 silly gunzTarPerm   436,
272 silly gunzTarPerm   420 ]
273 silly gunzTarPerm extractEntry tools/node_modules/glob/node_modules/minimatch/node_modules/brace-expansion/test/sequence.js
274 silly gunzTarPerm modified mode [ 'tools/node_modules/glob/node_modules/minimatch/node_modules/brace-expansion/test/sequence.js',
274 silly gunzTarPerm   436,
274 silly gunzTarPerm   420 ]
275 silly gunzTarPerm extractEntry tools/node_modules/glob/node_modules/minimatch/node_modules/brace-expansion/test/negative-increment.js
276 silly gunzTarPerm modified mode [ 'tools/node_modules/glob/node_modules/minimatch/node_modules/brace-expansion/test/negative-increment.js',
276 silly gunzTarPerm   436,
276 silly gunzTarPerm   420 ]
277 silly gunzTarPerm extractEntry tools/node_modules/glob/node_modules/minimatch/node_modules/brace-expansion/test/bash-results.txt
278 silly gunzTarPerm modified mode [ 'tools/node_modules/glob/node_modules/minimatch/node_modules/brace-expansion/test/bash-results.txt',
278 silly gunzTarPerm   436,
278 silly gunzTarPerm   420 ]
279 silly gunzTarPerm extractEntry tools/node_modules/glob/node_modules/minimatch/node_modules/brace-expansion/test/generate.sh
280 silly gunzTarPerm modified mode [ 'tools/node_modules/glob/node_modules/minimatch/node_modules/brace-expansion/test/generate.sh',
280 silly gunzTarPerm   436,
280 silly gunzTarPerm   420 ]
281 silly gunzTarPerm extractEntry tools/node_modules/glob/node_modules/minimatch/node_modules/brace-expansion/test/cases.txt
282 silly gunzTarPerm modified mode [ 'tools/node_modules/glob/node_modules/minimatch/node_modules/brace-expansion/test/cases.txt',
282 silly gunzTarPerm   436,
282 silly gunzTarPerm   420 ]
283 silly gunzTarPerm extractEntry tools/node_modules/glob/node_modules/minimatch/node_modules/brace-expansion/node_modules/balanced-match/package.json
284 silly gunzTarPerm modified mode [ 'tools/node_modules/glob/node_modules/minimatch/node_modules/brace-expansion/node_modules/balanced-match/package.json',
284 silly gunzTarPerm   436,
284 silly gunzTarPerm   420 ]
285 silly gunzTarPerm extractEntry tools/node_modules/glob/node_modules/minimatch/node_modules/brace-expansion/node_modules/balanced-match/.npmignore
286 silly gunzTarPerm modified mode [ 'tools/node_modules/glob/node_modules/minimatch/node_modules/brace-expansion/node_modules/balanced-match/.npmignore',
286 silly gunzTarPerm   436,
286 silly gunzTarPerm   420 ]
287 silly gunzTarPerm extractEntry tools/node_modules/glob/node_modules/minimatch/node_modules/brace-expansion/node_modules/balanced-match/README.md
288 silly gunzTarPerm modified mode [ 'tools/node_modules/glob/node_modules/minimatch/node_modules/brace-expansion/node_modules/balanced-match/README.md',
288 silly gunzTarPerm   436,
288 silly gunzTarPerm   420 ]
289 silly gunzTarPerm extractEntry tools/node_modules/glob/node_modules/minimatch/node_modules/brace-expansion/node_modules/balanced-match/example.js
290 silly gunzTarPerm modified mode [ 'tools/node_modules/glob/node_modules/minimatch/node_modules/brace-expansion/node_modules/balanced-match/example.js',
290 silly gunzTarPerm   436,
290 silly gunzTarPerm   420 ]
291 silly gunzTarPerm extractEntry tools/node_modules/glob/node_modules/minimatch/node_modules/brace-expansion/node_modules/balanced-match/index.js
292 silly gunzTarPerm modified mode [ 'tools/node_modules/glob/node_modules/minimatch/node_modules/brace-expansion/node_modules/balanced-match/index.js',
292 silly gunzTarPerm   436,
292 silly gunzTarPerm   420 ]
293 silly gunzTarPerm extractEntry tools/node_modules/glob/node_modules/minimatch/node_modules/brace-expansion/node_modules/balanced-match/.travis.yml
294 silly gunzTarPerm modified mode [ 'tools/node_modules/glob/node_modules/minimatch/node_modules/brace-expansion/node_modules/balanced-match/.travis.yml',
294 silly gunzTarPerm   436,
294 silly gunzTarPerm   420 ]
295 silly gunzTarPerm extractEntry tools/node_modules/glob/node_modules/minimatch/node_modules/brace-expansion/node_modules/balanced-match/Makefile
296 silly gunzTarPerm modified mode [ 'tools/node_modules/glob/node_modules/minimatch/node_modules/brace-expansion/node_modules/balanced-match/Makefile',
296 silly gunzTarPerm   436,
296 silly gunzTarPerm   420 ]
297 silly gunzTarPerm extractEntry tools/node_modules/glob/node_modules/minimatch/node_modules/brace-expansion/node_modules/balanced-match/test/balanced.js
298 silly gunzTarPerm modified mode [ 'tools/node_modules/glob/node_modules/minimatch/node_modules/brace-expansion/node_modules/balanced-match/test/balanced.js',
298 silly gunzTarPerm   436,
298 silly gunzTarPerm   420 ]
299 silly gunzTarPerm extractEntry tools/node_modules/glob/node_modules/minimatch/node_modules/brace-expansion/node_modules/concat-map/package.json
300 silly gunzTarPerm modified mode [ 'tools/node_modules/glob/node_modules/minimatch/node_modules/brace-expansion/node_modules/concat-map/package.json',
300 silly gunzTarPerm   436,
300 silly gunzTarPerm   420 ]
301 silly gunzTarPerm extractEntry tools/node_modules/glob/node_modules/minimatch/node_modules/brace-expansion/node_modules/concat-map/LICENSE
302 silly gunzTarPerm modified mode [ 'tools/node_modules/glob/node_modules/minimatch/node_modules/brace-expansion/node_modules/concat-map/LICENSE',
302 silly gunzTarPerm   436,
302 silly gunzTarPerm   420 ]
303 silly gunzTarPerm extractEntry tools/node_modules/glob/node_modules/minimatch/node_modules/brace-expansion/node_modules/concat-map/index.js
304 silly gunzTarPerm modified mode [ 'tools/node_modules/glob/node_modules/minimatch/node_modules/brace-expansion/node_modules/concat-map/index.js',
304 silly gunzTarPerm   436,
304 silly gunzTarPerm   420 ]
305 silly gunzTarPerm extractEntry tools/node_modules/glob/node_modules/minimatch/node_modules/brace-expansion/node_modules/concat-map/.travis.yml
306 silly gunzTarPerm modified mode [ 'tools/node_modules/glob/node_modules/minimatch/node_modules/brace-expansion/node_modules/concat-map/.travis.yml',
306 silly gunzTarPerm   436,
306 silly gunzTarPerm   420 ]
307 silly gunzTarPerm extractEntry tools/node_modules/glob/node_modules/minimatch/node_modules/brace-expansion/node_modules/concat-map/README.markdown
308 silly gunzTarPerm modified mode [ 'tools/node_modules/glob/node_modules/minimatch/node_modules/brace-expansion/node_modules/concat-map/README.markdown',
308 silly gunzTarPerm   436,
308 silly gunzTarPerm   420 ]
309 silly gunzTarPerm extractEntry tools/node_modules/glob/node_modules/minimatch/node_modules/brace-expansion/node_modules/concat-map/example/map.js
310 silly gunzTarPerm modified mode [ 'tools/node_modules/glob/node_modules/minimatch/node_modules/brace-expansion/node_modules/concat-map/example/map.js',
310 silly gunzTarPerm   436,
310 silly gunzTarPerm   420 ]
311 silly gunzTarPerm extractEntry tools/node_modules/glob/node_modules/minimatch/node_modules/brace-expansion/node_modules/concat-map/test/map.js
312 silly gunzTarPerm modified mode [ 'tools/node_modules/glob/node_modules/minimatch/node_modules/brace-expansion/node_modules/concat-map/test/map.js',
312 silly gunzTarPerm   436,
312 silly gunzTarPerm   420 ]
313 silly gunzTarPerm extractEntry tools/node_modules/glob/node_modules/once/package.json
314 silly gunzTarPerm modified mode [ 'tools/node_modules/glob/node_modules/once/package.json',
314 silly gunzTarPerm   436,
314 silly gunzTarPerm   420 ]
315 silly gunzTarPerm extractEntry tools/node_modules/glob/node_modules/once/README.md
316 silly gunzTarPerm modified mode [ 'tools/node_modules/glob/node_modules/once/README.md',
316 silly gunzTarPerm   436,
316 silly gunzTarPerm   420 ]
317 silly gunzTarPerm extractEntry tools/node_modules/glob/node_modules/once/LICENSE
318 silly gunzTarPerm modified mode [ 'tools/node_modules/glob/node_modules/once/LICENSE', 436, 420 ]
319 silly gunzTarPerm extractEntry tools/node_modules/glob/node_modules/once/once.js
320 silly gunzTarPerm modified mode [ 'tools/node_modules/glob/node_modules/once/once.js', 436, 420 ]
321 silly gunzTarPerm extractEntry tools/node_modules/glob/node_modules/once/test/once.js
322 silly gunzTarPerm modified mode [ 'tools/node_modules/glob/node_modules/once/test/once.js',
322 silly gunzTarPerm   436,
322 silly gunzTarPerm   420 ]
323 silly gunzTarPerm extractEntry tools/node_modules/glob/node_modules/once/node_modules/wrappy/package.json
324 silly gunzTarPerm modified mode [ 'tools/node_modules/glob/node_modules/once/node_modules/wrappy/package.json',
324 silly gunzTarPerm   436,
324 silly gunzTarPerm   420 ]
325 silly gunzTarPerm extractEntry tools/node_modules/glob/node_modules/once/node_modules/wrappy/README.md
326 silly gunzTarPerm modified mode [ 'tools/node_modules/glob/node_modules/once/node_modules/wrappy/README.md',
326 silly gunzTarPerm   436,
326 silly gunzTarPerm   420 ]
327 silly gunzTarPerm extractEntry tools/node_modules/glob/node_modules/once/node_modules/wrappy/LICENSE
328 silly gunzTarPerm modified mode [ 'tools/node_modules/glob/node_modules/once/node_modules/wrappy/LICENSE',
328 silly gunzTarPerm   436,
328 silly gunzTarPerm   420 ]
329 silly gunzTarPerm extractEntry tools/node_modules/glob/node_modules/once/node_modules/wrappy/wrappy.js
330 silly gunzTarPerm modified mode [ 'tools/node_modules/glob/node_modules/once/node_modules/wrappy/wrappy.js',
330 silly gunzTarPerm   436,
330 silly gunzTarPerm   420 ]
331 silly gunzTarPerm extractEntry tools/node_modules/glob/node_modules/once/node_modules/wrappy/test/basic.js
332 silly gunzTarPerm modified mode [ 'tools/node_modules/glob/node_modules/once/node_modules/wrappy/test/basic.js',
332 silly gunzTarPerm   436,
332 silly gunzTarPerm   420 ]
333 silly gunzTarPerm extractEntry tools/node_modules/glob/node_modules/path-is-absolute/package.json
334 silly gunzTarPerm modified mode [ 'tools/node_modules/glob/node_modules/path-is-absolute/package.json',
334 silly gunzTarPerm   436,
334 silly gunzTarPerm   420 ]
335 silly gunzTarPerm extractEntry tools/node_modules/glob/node_modules/path-is-absolute/index.js
336 silly gunzTarPerm modified mode [ 'tools/node_modules/glob/node_modules/path-is-absolute/index.js',
336 silly gunzTarPerm   436,
336 silly gunzTarPerm   420 ]
337 silly gunzTarPerm extractEntry tools/node_modules/glob/node_modules/path-is-absolute/license
338 silly gunzTarPerm modified mode [ 'tools/node_modules/glob/node_modules/path-is-absolute/license',
338 silly gunzTarPerm   436,
338 silly gunzTarPerm   420 ]
339 silly gunzTarPerm extractEntry tools/node_modules/glob/node_modules/path-is-absolute/readme.md
340 silly gunzTarPerm modified mode [ 'tools/node_modules/glob/node_modules/path-is-absolute/readme.md',
340 silly gunzTarPerm   436,
340 silly gunzTarPerm   420 ]
341 verbose write writing to /Users/mitchellbarton/workspace/reverb_node/pseudorandom/node_modules/canvas/node_modules/nan/package.json
342 info preinstall nan@1.9.0
343 verbose readDependencies loading dependencies from /Users/mitchellbarton/workspace/reverb_node/pseudorandom/node_modules/canvas/node_modules/nan/package.json
344 verbose readDependencies loading dependencies from /Users/mitchellbarton/workspace/reverb_node/pseudorandom/node_modules/canvas/node_modules/nan/package.json
345 silly install resolved []
346 verbose about to build /Users/mitchellbarton/workspace/reverb_node/pseudorandom/node_modules/canvas/node_modules/nan
347 info build /Users/mitchellbarton/workspace/reverb_node/pseudorandom/node_modules/canvas/node_modules/nan
348 info linkStuff nan@1.9.0
349 silly linkStuff nan@1.9.0 has /Users/mitchellbarton/workspace/reverb_node/pseudorandom/node_modules/canvas/node_modules as its parent node_modules
350 verbose linkBins nan@1.9.0
351 verbose linkMans nan@1.9.0
352 verbose rebuildBundles nan@1.9.0
353 info install nan@1.9.0
354 info postinstall nan@1.9.0
355 verbose unlock done using /Users/mitchellbarton/.npm/_locks/nan-06d39d2cb1dfffa8.lock for /Users/mitchellbarton/workspace/reverb_node/pseudorandom/node_modules/canvas/node_modules/nan
356 verbose about to build /Users/mitchellbarton/workspace/reverb_node/pseudorandom/node_modules/canvas
357 info build /Users/mitchellbarton/workspace/reverb_node/pseudorandom/node_modules/canvas
358 info linkStuff canvas@1.2.8
359 silly linkStuff canvas@1.2.8 has /Users/mitchellbarton/workspace/reverb_node/pseudorandom/node_modules as its parent node_modules
360 verbose linkBins canvas@1.2.8
361 verbose linkMans canvas@1.2.8
362 verbose rebuildBundles canvas@1.2.8
363 verbose rebuildBundles [ 'nan' ]
364 info install canvas@1.2.8
365 verbose unsafe-perm in lifecycle true
366 info canvas@1.2.8 Failed to exec install script
367 verbose unlock done using /Users/mitchellbarton/.npm/_locks/canvas-9f64ffa57b7786a3.lock for /Users/mitchellbarton/workspace/reverb_node/pseudorandom/node_modules/canvas
368 verbose stack Error: canvas@1.2.8 install: `node-gyp rebuild`
368 verbose stack Exit status 1
368 verbose stack     at EventEmitter.<anonymous> (/usr/local/lib/node_modules/npm/lib/utils/lifecycle.js:213:16)
368 verbose stack     at EventEmitter.emit (events.js:110:17)
368 verbose stack     at ChildProcess.<anonymous> (/usr/local/lib/node_modules/npm/lib/utils/spawn.js:24:14)
368 verbose stack     at ChildProcess.emit (events.js:110:17)
368 verbose stack     at maybeClose (child_process.js:1015:16)
368 verbose stack     at Process.ChildProcess._handle.onexit (child_process.js:1087:5)
369 verbose pkgid canvas@1.2.8
370 verbose cwd /Users/mitchellbarton/workspace/reverb_node/pseudorandom
371 error Darwin 14.1.1
372 error argv "node" "/usr/local/bin/npm" "install" "canvas"
373 error node v0.12.7
374 error npm  v2.11.3
375 error code ELIFECYCLE
376 error canvas@1.2.8 install: `node-gyp rebuild`
376 error Exit status 1
377 error Failed at the canvas@1.2.8 install script 'node-gyp rebuild'.
377 error This is most likely a problem with the canvas package,
377 error not with npm itself.
377 error Tell the author that this fails on your system:
377 error     node-gyp rebuild
377 error You can get their info via:
377 error     npm owner ls canvas
377 error There is likely additional logging output above.
378 verbose exit [ 1, true ]
379 verbose unbuild node_modules/canvas
380 info preuninstall canvas@1.2.8
381 info uninstall canvas@1.2.8
382 verbose unbuild rmStuff canvas@1.2.8 from /Users/mitchellbarton/workspace/reverb_node/pseudorandom/node_modules
383 info postuninstall canvas@1.2.8
384 silly gentlyRm /Users/mitchellbarton/workspace/reverb_node/pseudorandom/node_modules/canvas is being purged from base /Users/mitchellbarton/workspace/reverb_node/pseudorandom
385 verbose gentlyRm don't care about contents; nuking /Users/mitchellbarton/workspace/reverb_node/pseudorandom/node_modules/canvas
386 silly vacuum-fs purging /Users/mitchellbarton/workspace/reverb_node/pseudorandom/node_modules/canvas
387 silly vacuum-fs quitting because other entries in /Users/mitchellbarton/workspace/reverb_node/pseudorandom/node_modules
